INFO:ssds:already-synced submissions/5c68b972-8534-402f-9861-11c93558765f--UW_HPRC_HiFi_Y3/HG00099/m54329U_220825_174247-bc2012.hifi_reads.bam from <SSDS _S3Staging s3://human-pangenomics> to <SSDS _GSStaging gs://fc-4310e737-a388-4a10-8c9e-babe06aaf0cf>
INFO:ssds:already-synced submissions/5c68b972-8534-402f-9861-11c93558765f--UW_HPRC_HiFi_Y3/HG00099/m54329U_220827_143814-bc2050.hifi_reads.bam from <SSDS _S3Staging s3://human-pangenomics> to <SSDS _GSStaging gs://fc-4310e737-a388-4a10-8c9e-babe06aaf0cf>
INFO:ssds:already-synced submissions/5c68b972-8534-402f-9861-11c93558765f--UW_HPRC_HiFi_Y3/HG00099/m54329U_220829_095708-bc2050.hifi_reads.bam from <SSDS _S3Staging s3://human-pangenomics> to <SSDS _GSStaging gs://fc-4310e737-a388-4a10-8c9e-babe06aaf0cf>
INFO:ssds:already-synced submissions/5c68b972-8534-402f-9861-11c93558765f--UW_HPRC_HiFi_Y3/HG00099/r54329U_20220825_172948_A01.reads.bam from <SSDS _S3Staging s3://human-pangenomics> to <SSDS _GSStaging gs://fc-4310e737-a388-4a10-8c9e-babe06aaf0cf>
INFO:ssds:already-synced submissions/5c68b972-8534-402f-9861-11c93558765f--UW_HPRC_HiFi_Y3/HG00099/r54329U_20220825_172948_B01.reads.bam from <SSDS _S3Staging s3://human-pangenomics> to <SSDS _GSStaging gs://fc-4310e737-a388-4a10-8c9e-babe06aaf0cf>
INFO:ssds:already-synced submissions/5c68b972-8534-402f-9861-11c93558765f--UW_HPRC_HiFi_Y3/HG00099/r54329U_20220825_172948_C01.reads.bam from <SSDS _S3Staging s3://human-pangenomics> to <SSDS _GSStaging gs://fc-4310e737-a388-4a10-8c9e-babe06aaf0cf>
INFO:ssds:already-synced submissions/5c68b972-8534-402f-9861-11c93558765f--UW_HPRC_HiFi_Y3/HG00280/m54329U_220901_221341-bc2051.hifi_reads.bam from <SSDS _S3Staging s3://human-pangenomics> to <SSDS _GSStaging gs://fc-4310e737-a388-4a10-8c9e-babe06aaf0cf>
INFO:ssds:already-synced submissions/5c68b972-8534-402f-9861-11c93558765f--UW_HPRC_HiFi_Y3/HG00280/m64076_220831_191646-bc2051.hifi_reads.bam from <SSDS _S3Staging s3://human-pangenomics> to <SSDS _GSStaging gs://fc-4310e737-a388-4a10-8c9e-babe06aaf0cf>
INFO:ssds:already-synced submissions/5c68b972-8534-402f-9861-11c93558765f--UW_HPRC_HiFi_Y3/HG00280/m64457e_220825_195635-bc2051.hifi_reads.bam from <SSDS _S3Staging s3://human-pangenomics> to <SSDS _GSStaging gs://fc-4310e737-a388-4a10-8c9e-babe06aaf0cf>
INFO:ssds:already-synced submissions/5c68b972-8534-402f-9861-11c93558765f--UW_HPRC_HiFi_Y3/HG00280/r54329U_20220901_220229_A01.reads.bam from <SSDS _S3Staging s3://human-pangenomics> to <SSDS _GSStaging gs://fc-4310e737-a388-4a10-8c9e-babe06aaf0cf>
INFO:ssds:already-synced submissions/5c68b972-8534-402f-9861-11c93558765f--UW_HPRC_HiFi_Y3/HG00280/r64076_20220831_190523_A01.reads.bam from <SSDS _S3Staging s3://human-pangenomics> to <SSDS _GSStaging gs://fc-4310e737-a388-4a10-8c9e-babe06aaf0cf>
INFO:ssds:already-synced submissions/5c68b972-8534-402f-9861-11c93558765f--UW_HPRC_HiFi_Y3/HG00280/r64457e_20220825_194243_A01.reads.bam from <SSDS _S3Staging s3://human-pangenomics> to <SSDS _GSStaging gs://fc-4310e737-a388-4a10-8c9e-babe06aaf0cf>
INFO:ssds:already-synced submissions/5c68b972-8534-402f-9861-11c93558765f--UW_HPRC_HiFi_Y3/HG00558/m54329U_220107_233847-bc1016.hifi_reads.bam from <SSDS _S3Staging s3://human-pangenomics> to <SSDS _GSStaging gs://fc-4310e737-a388-4a10-8c9e-babe06aaf0cf>
INFO:ssds:already-synced submissions/5c68b972-8534-402f-9861-11c93558765f--UW_HPRC_HiFi_Y3/HG00558/m54329U_220114_143904-bc1016.hifi_reads.bam from <SSDS _S3Staging s3://human-pangenomics> to <SSDS _GSStaging gs://fc-4310e737-a388-4a10-8c9e-babe06aaf0cf>
INFO:ssds:already-synced submissions/5c68b972-8534-402f-9861-11c93558765f--UW_HPRC_HiFi_Y3/HG00558/m54329U_220116_013607-bc1016.hifi_reads.bam from <SSDS _S3Staging s3://human-pangenomics> to <SSDS _GSStaging gs://fc-4310e737-a388-4a10-8c9e-babe06aaf0cf>
INFO:ssds:already-synced submissions/5c68b972-8534-402f-9861-11c93558765f--UW_HPRC_HiFi_Y3/HG00558/m64076_220216_013707-bc1016.hifi_reads.bam from <SSDS _S3Staging s3://human-pangenomics> to <SSDS _GSStaging gs://fc-4310e737-a388-4a10-8c9e-babe06aaf0cf>
INFO:ssds:already-synced submissions/5c68b972-8534-402f-9861-11c93558765f--UW_HPRC_HiFi_Y3/HG00558/r54329U_20220107_232725_A01.reads.bam from <SSDS _S3Staging s3://human-pangenomics> to <SSDS _GSStaging gs://fc-4310e737-a388-4a10-8c9e-babe06aaf0cf>
INFO:ssds:already-synced submissions/5c68b972-8534-402f-9861-11c93558765f--UW_HPRC_HiFi_Y3/HG00558/r54329U_20220113_032931_B01.reads.bam from <SSDS _S3Staging s3://human-pangenomics> to <SSDS _GSStaging gs://fc-4310e737-a388-4a10-8c9e-babe06aaf0cf>
INFO:ssds:already-synced submissions/5c68b972-8534-402f-9861-11c93558765f--UW_HPRC_HiFi_Y3/HG00558/r54329U_20220113_032931_C01.reads.bam from <SSDS _S3Staging s3://human-pangenomics> to <SSDS _GSStaging gs://fc-4310e737-a388-4a10-8c9e-babe06aaf0cf>
INFO:ssds:already-synced submissions/5c68b972-8534-402f-9861-11c93558765f--UW_HPRC_HiFi_Y3/HG00558/r64076_20220216_012335_A01.reads.bam from <SSDS _S3Staging s3://human-pangenomics> to <SSDS _GSStaging gs://fc-4310e737-a388-4a10-8c9e-babe06aaf0cf>
INFO:ssds:already-synced submissions/5c68b972-8534-402f-9861-11c93558765f--UW_HPRC_HiFi_Y3/HG00639/m54329U_211222_104516-bc1010.hifi_reads.bam from <SSDS _S3Staging s3://human-pangenomics> to <SSDS _GSStaging gs://fc-4310e737-a388-4a10-8c9e-babe06aaf0cf>
INFO:ssds:already-synced submissions/5c68b972-8534-402f-9861-11c93558765f--UW_HPRC_HiFi_Y3/HG00639/m54329U_211230_014258-bc1010.hifi_reads.bam from <SSDS _S3Staging s3://human-pangenomics> to <SSDS _GSStaging gs://fc-4310e737-a388-4a10-8c9e-babe06aaf0cf>
INFO:ssds:already-synced submissions/5c68b972-8534-402f-9861-11c93558765f--UW_HPRC_HiFi_Y3/HG00639/m54329U_211231_123903-bc1010.hifi_reads.bam from <SSDS _S3Staging s3://human-pangenomics> to <SSDS _GSStaging gs://fc-4310e737-a388-4a10-8c9e-babe06aaf0cf>
INFO:ssds:already-synced submissions/5c68b972-8534-402f-9861-11c93558765f--UW_HPRC_HiFi_Y3/HG00639/m64076_220216_013707-bc1010.hifi_reads.bam from <SSDS _S3Staging s3://human-pangenomics> to <SSDS _GSStaging gs://fc-4310e737-a388-4a10-8c9e-babe06aaf0cf>
INFO:ssds:already-synced submissions/5c68b972-8534-402f-9861-11c93558765f--UW_HPRC_HiFi_Y3/HG00639/r54329U_20211221_012530_B01.reads.bam from <SSDS _S3Staging s3://human-pangenomics> to <SSDS _GSStaging gs://fc-4310e737-a388-4a10-8c9e-babe06aaf0cf>
INFO:ssds:already-synced submissions/5c68b972-8534-402f-9861-11c93558765f--UW_HPRC_HiFi_Y3/HG00639/r54329U_20211230_011644_A01.reads.bam from <SSDS _S3Staging s3://human-pangenomics> to <SSDS _GSStaging gs://fc-4310e737-a388-4a10-8c9e-babe06aaf0cf>
INFO:ssds:already-synced submissions/5c68b972-8534-402f-9861-11c93558765f--UW_HPRC_HiFi_Y3/HG00639/r54329U_20211230_011644_B01.reads.bam from <SSDS _S3Staging s3://human-pangenomics> to <SSDS _GSStaging gs://fc-4310e737-a388-4a10-8c9e-babe06aaf0cf>
INFO:ssds:already-synced submissions/5c68b972-8534-402f-9861-11c93558765f--UW_HPRC_HiFi_Y3/HG00639/r64076_20220216_012335_A01.reads.bam from <SSDS _S3Staging s3://human-pangenomics> to <SSDS _GSStaging gs://fc-4310e737-a388-4a10-8c9e-babe06aaf0cf>
INFO:ssds:already-synced submissions/5c68b972-8534-402f-9861-11c93558765f--UW_HPRC_HiFi_Y3/HG01074/m54329U_211110_112322-bc1008.hifi_reads.bam from <SSDS _S3Staging s3://human-pangenomics> to <SSDS _GSStaging gs://fc-4310e737-a388-4a10-8c9e-babe06aaf0cf>
INFO:ssds:already-synced submissions/5c68b972-8534-402f-9861-11c93558765f--UW_HPRC_HiFi_Y3/HG01074/m54329U_211208_005551-bc1008.hifi_reads.bam from <SSDS _S3Staging s3://human-pangenomics> to <SSDS _GSStaging gs://fc-4310e737-a388-4a10-8c9e-babe06aaf0cf>
INFO:ssds:already-synced submissions/5c68b972-8534-402f-9861-11c93558765f--UW_HPRC_HiFi_Y3/HG01074/m54329U_211211_014820-bc1008.hifi_reads.bam from <SSDS _S3Staging s3://human-pangenomics> to <SSDS _GSStaging gs://fc-4310e737-a388-4a10-8c9e-babe06aaf0cf>
INFO:ssds:already-synced submissions/5c68b972-8534-402f-9861-11c93558765f--UW_HPRC_HiFi_Y3/HG01074/m54329U_211212_111219-bc1008.hifi_reads.bam from <SSDS _S3Staging s3://human-pangenomics> to <SSDS _GSStaging gs://fc-4310e737-a388-4a10-8c9e-babe06aaf0cf>
INFO:ssds:already-synced submissions/5c68b972-8534-402f-9861-11c93558765f--UW_HPRC_HiFi_Y3/HG01074/r54329U_20211109_001132_B01.reads.bam from <SSDS _S3Staging s3://human-pangenomics> to <SSDS _GSStaging gs://fc-4310e737-a388-4a10-8c9e-babe06aaf0cf>
INFO:ssds:already-synced submissions/5c68b972-8534-402f-9861-11c93558765f--UW_HPRC_HiFi_Y3/HG01074/r54329U_20211208_003612_A01.reads.bam from <SSDS _S3Staging s3://human-pangenomics> to <SSDS _GSStaging gs://fc-4310e737-a388-4a10-8c9e-babe06aaf0cf>
INFO:ssds:already-synced submissions/5c68b972-8534-402f-9861-11c93558765f--UW_HPRC_HiFi_Y3/HG01074/r54329U_20211211_013431_A01.reads.bam from <SSDS _S3Staging s3://human-pangenomics> to <SSDS _GSStaging gs://fc-4310e737-a388-4a10-8c9e-babe06aaf0cf>
INFO:ssds:already-synced submissions/5c68b972-8534-402f-9861-11c93558765f--UW_HPRC_HiFi_Y3/HG01074/r54329U_20211211_013431_B01.reads.bam from <SSDS _S3Staging s3://human-pangenomics> to <SSDS _GSStaging gs://fc-4310e737-a388-4a10-8c9e-babe06aaf0cf>
INFO:ssds:already-synced submissions/5c68b972-8534-402f-9861-11c93558765f--UW_HPRC_HiFi_Y3/HG01074/subread/m54329U_211110_112322.subreads.bam from <SSDS _S3Staging s3://human-pangenomics> to <SSDS _GSStaging gs://fc-4310e737-a388-4a10-8c9e-babe06aaf0cf>
INFO:ssds:already-synced submissions/5c68b972-8534-402f-9861-11c93558765f--UW_HPRC_HiFi_Y3/HG01074/subread/m54329U_211208_005551.subreads.bam from <SSDS _S3Staging s3://human-pangenomics> to <SSDS _GSStaging gs://fc-4310e737-a388-4a10-8c9e-babe06aaf0cf>
INFO:ssds:already-synced submissions/5c68b972-8534-402f-9861-11c93558765f--UW_HPRC_HiFi_Y3/HG01074/subread/m54329U_211211_014820.subreads.bam from <SSDS _S3Staging s3://human-pangenomics> to <SSDS _GSStaging gs://fc-4310e737-a388-4a10-8c9e-babe06aaf0cf>
INFO:ssds:already-synced submissions/5c68b972-8534-402f-9861-11c93558765f--UW_HPRC_HiFi_Y3/HG01074/subread/m54329U_211212_111219.subreads.bam from <SSDS _S3Staging s3://human-pangenomics> to <SSDS _GSStaging gs://fc-4310e737-a388-4a10-8c9e-babe06aaf0cf>
INFO:ssds:already-synced submissions/5c68b972-8534-402f-9861-11c93558765f--UW_HPRC_HiFi_Y3/HG01081/m54329U_211223_214216-bc1011.hifi_reads.bam from <SSDS _S3Staging s3://human-pangenomics> to <SSDS _GSStaging gs://fc-4310e737-a388-4a10-8c9e-babe06aaf0cf>
INFO:ssds:already-synced submissions/5c68b972-8534-402f-9861-11c93558765f--UW_HPRC_HiFi_Y3/HG01081/m54329U_220101_220852-bc1011.hifi_reads.bam from <SSDS _S3Staging s3://human-pangenomics> to <SSDS _GSStaging gs://fc-4310e737-a388-4a10-8c9e-babe06aaf0cf>
INFO:ssds:already-synced submissions/5c68b972-8534-402f-9861-11c93558765f--UW_HPRC_HiFi_Y3/HG01081/m54329U_220103_072943-bc1011.hifi_reads.bam from <SSDS _S3Staging s3://human-pangenomics> to <SSDS _GSStaging gs://fc-4310e737-a388-4a10-8c9e-babe06aaf0cf>
INFO:ssds:already-synced submissions/5c68b972-8534-402f-9861-11c93558765f--UW_HPRC_HiFi_Y3/HG01081/r54329U_20211221_012530_C01.reads.bam from <SSDS _S3Staging s3://human-pangenomics> to <SSDS _GSStaging gs://fc-4310e737-a388-4a10-8c9e-babe06aaf0cf>
INFO:ssds:already-synced submissions/5c68b972-8534-402f-9861-11c93558765f--UW_HPRC_HiFi_Y3/HG01081/r54329U_20211230_011644_C01.reads.bam from <SSDS _S3Staging s3://human-pangenomics> to <SSDS _GSStaging gs://fc-4310e737-a388-4a10-8c9e-babe06aaf0cf>
INFO:ssds:already-synced submissions/5c68b972-8534-402f-9861-11c93558765f--UW_HPRC_HiFi_Y3/HG01081/r54329U_20211230_011644_D01.reads.bam from <SSDS _S3Staging s3://human-pangenomics> to <SSDS _GSStaging gs://fc-4310e737-a388-4a10-8c9e-babe06aaf0cf>
INFO:ssds:already-synced submissions/5c68b972-8534-402f-9861-11c93558765f--UW_HPRC_HiFi_Y3/HG01081/subread/m54329U_211223_214216.subreads.bam from <SSDS _S3Staging s3://human-pangenomics> to <SSDS _GSStaging gs://fc-4310e737-a388-4a10-8c9e-babe06aaf0cf>
INFO:ssds:already-synced submissions/5c68b972-8534-402f-9861-11c93558765f--UW_HPRC_HiFi_Y3/HG01081/subread/m54329U_220101_220852.subreads.bam from <SSDS _S3Staging s3://human-pangenomics> to <SSDS _GSStaging gs://fc-4310e737-a388-4a10-8c9e-babe06aaf0cf>
INFO:ssds:already-synced submissions/5c68b972-8534-402f-9861-11c93558765f--UW_HPRC_HiFi_Y3/HG01081/subread/m54329U_220103_072943.subreads.bam from <SSDS _S3Staging s3://human-pangenomics> to <SSDS _GSStaging gs://fc-4310e737-a388-4a10-8c9e-babe06aaf0cf>
INFO:ssds:already-synced submissions/5c68b972-8534-402f-9861-11c93558765f--UW_HPRC_HiFi_Y3/HG02040/m64076_220908_204946-bc2056.hifi_reads.bam from <SSDS _S3Staging s3://human-pangenomics> to <SSDS _GSStaging gs://fc-4310e737-a388-4a10-8c9e-babe06aaf0cf>
INFO:ssds:already-synced submissions/5c68b972-8534-402f-9861-11c93558765f--UW_HPRC_HiFi_Y3/HG02040/m64076_220910_174812-bc2056.hifi_reads.bam from <SSDS _S3Staging s3://human-pangenomics> to <SSDS _GSStaging gs://fc-4310e737-a388-4a10-8c9e-babe06aaf0cf>
INFO:ssds:already-synced submissions/5c68b972-8534-402f-9861-11c93558765f--UW_HPRC_HiFi_Y3/HG02040/m64076_220912_140850-bc2056.hifi_reads.bam from <SSDS _S3Staging s3://human-pangenomics> to <SSDS _GSStaging gs://fc-4310e737-a388-4a10-8c9e-babe06aaf0cf>
INFO:ssds:already-synced submissions/5c68b972-8534-402f-9861-11c93558765f--UW_HPRC_HiFi_Y3/HG02040/r64076_20220908_203534_A01.reads.bam from <SSDS _S3Staging s3://human-pangenomics> to <SSDS _GSStaging gs://fc-4310e737-a388-4a10-8c9e-babe06aaf0cf>
INFO:ssds:already-synced submissions/5c68b972-8534-402f-9861-11c93558765f--UW_HPRC_HiFi_Y3/HG02040/r64076_20220908_203534_B01.reads.bam from <SSDS _S3Staging s3://human-pangenomics> to <SSDS _GSStaging gs://fc-4310e737-a388-4a10-8c9e-babe06aaf0cf>
INFO:ssds:already-synced submissions/5c68b972-8534-402f-9861-11c93558765f--UW_HPRC_HiFi_Y3/HG02040/r64076_20220908_203534_C01.reads.bam from <SSDS _S3Staging s3://human-pangenomics> to <SSDS _GSStaging gs://fc-4310e737-a388-4a10-8c9e-babe06aaf0cf>
INFO:ssds:already-synced submissions/5c68b972-8534-402f-9861-11c93558765f--UW_HPRC_HiFi_Y3/HG02165/m64076_220902_143723-bc2054.hifi_reads.bam from <SSDS _S3Staging s3://human-pangenomics> to <SSDS _GSStaging gs://fc-4310e737-a388-4a10-8c9e-babe06aaf0cf>
INFO:ssds:already-synced submissions/5c68b972-8534-402f-9861-11c93558765f--UW_HPRC_HiFi_Y3/HG02165/m64076_220904_113359-bc2054.hifi_reads.bam from <SSDS _S3Staging s3://human-pangenomics> to <SSDS _GSStaging gs://fc-4310e737-a388-4a10-8c9e-babe06aaf0cf>
INFO:ssds:already-synced submissions/5c68b972-8534-402f-9861-11c93558765f--UW_HPRC_HiFi_Y3/HG02165/m64076_220906_083112-bc2054.hifi_reads.bam from <SSDS _S3Staging s3://human-pangenomics> to <SSDS _GSStaging gs://fc-4310e737-a388-4a10-8c9e-babe06aaf0cf>
INFO:ssds:already-synced submissions/5c68b972-8534-402f-9861-11c93558765f--UW_HPRC_HiFi_Y3/HG02165/r64076_20220831_190523_B01.reads.bam from <SSDS _S3Staging s3://human-pangenomics> to <SSDS _GSStaging gs://fc-4310e737-a388-4a10-8c9e-babe06aaf0cf>
INFO:ssds:already-synced submissions/5c68b972-8534-402f-9861-11c93558765f--UW_HPRC_HiFi_Y3/HG02165/r64076_20220831_190523_C01.reads.bam from <SSDS _S3Staging s3://human-pangenomics> to <SSDS _GSStaging gs://fc-4310e737-a388-4a10-8c9e-babe06aaf0cf>
INFO:ssds:already-synced submissions/5c68b972-8534-402f-9861-11c93558765f--UW_HPRC_HiFi_Y3/HG02165/r64076_20220831_190523_D01.reads.bam from <SSDS _S3Staging s3://human-pangenomics> to <SSDS _GSStaging gs://fc-4310e737-a388-4a10-8c9e-babe06aaf0cf>
INFO:ssds:already-synced submissions/5c68b972-8534-402f-9861-11c93558765f--UW_HPRC_HiFi_Y3/HG02451/m64076_211109_232223-bc1003.hifi_reads.bam from <SSDS _S3Staging s3://human-pangenomics> to <SSDS _GSStaging gs://fc-4310e737-a388-4a10-8c9e-babe06aaf0cf>
INFO:ssds:already-synced submissions/5c68b972-8534-402f-9861-11c93558765f--UW_HPRC_HiFi_Y3/HG02451/m64076_211208_005550-bc1003.hifi_reads.bam from <SSDS _S3Staging s3://human-pangenomics> to <SSDS _GSStaging gs://fc-4310e737-a388-4a10-8c9e-babe06aaf0cf>
INFO:ssds:already-synced submissions/5c68b972-8534-402f-9861-11c93558765f--UW_HPRC_HiFi_Y3/HG02451/m64076_211211_014755-bc1003.hifi_reads.bam from <SSDS _S3Staging s3://human-pangenomics> to <SSDS _GSStaging gs://fc-4310e737-a388-4a10-8c9e-babe06aaf0cf>
INFO:ssds:already-synced submissions/5c68b972-8534-402f-9861-11c93558765f--UW_HPRC_HiFi_Y3/HG02451/m64076_211212_112351-bc1003.hifi_reads.bam from <SSDS _S3Staging s3://human-pangenomics> to <SSDS _GSStaging gs://fc-4310e737-a388-4a10-8c9e-babe06aaf0cf>
INFO:ssds:already-synced submissions/5c68b972-8534-402f-9861-11c93558765f--UW_HPRC_HiFi_Y3/HG02451/r64076_20211109_231008_A01.reads.bam from <SSDS _S3Staging s3://human-pangenomics> to <SSDS _GSStaging gs://fc-4310e737-a388-4a10-8c9e-babe06aaf0cf>
INFO:ssds:already-synced submissions/5c68b972-8534-402f-9861-11c93558765f--UW_HPRC_HiFi_Y3/HG02451/r64076_20211208_003525_A01.reads.bam from <SSDS _S3Staging s3://human-pangenomics> to <SSDS _GSStaging gs://fc-4310e737-a388-4a10-8c9e-babe06aaf0cf>
INFO:ssds:already-synced submissions/5c68b972-8534-402f-9861-11c93558765f--UW_HPRC_HiFi_Y3/HG02451/r64076_20211211_013445_A01.reads.bam from <SSDS _S3Staging s3://human-pangenomics> to <SSDS _GSStaging gs://fc-4310e737-a388-4a10-8c9e-babe06aaf0cf>
INFO:ssds:already-synced submissions/5c68b972-8534-402f-9861-11c93558765f--UW_HPRC_HiFi_Y3/HG02451/r64076_20211211_013445_B01.reads.bam from <SSDS _S3Staging s3://human-pangenomics> to <SSDS _GSStaging gs://fc-4310e737-a388-4a10-8c9e-babe06aaf0cf>
INFO:ssds:already-synced submissions/5c68b972-8534-402f-9861-11c93558765f--UW_HPRC_HiFi_Y3/HG02735/m54329U_211109_002533-bc1002.hifi_reads.bam from <SSDS _S3Staging s3://human-pangenomics> to <SSDS _GSStaging gs://fc-4310e737-a388-4a10-8c9e-babe06aaf0cf>
INFO:ssds:already-synced submissions/5c68b972-8534-402f-9861-11c93558765f--UW_HPRC_HiFi_Y3/HG02735/m54329U_211204_121716-bc1002.hifi_reads.bam from <SSDS _S3Staging s3://human-pangenomics> to <SSDS _GSStaging gs://fc-4310e737-a388-4a10-8c9e-babe06aaf0cf>
INFO:ssds:already-synced submissions/5c68b972-8534-402f-9861-11c93558765f--UW_HPRC_HiFi_Y3/HG02735/m54329U_211209_115915-bc1002.hifi_reads.bam from <SSDS _S3Staging s3://human-pangenomics> to <SSDS _GSStaging gs://fc-4310e737-a388-4a10-8c9e-babe06aaf0cf>
INFO:ssds:already-synced submissions/5c68b972-8534-402f-9861-11c93558765f--UW_HPRC_HiFi_Y3/HG02735/m64076_211209_102926-bc1002.hifi_reads.bam from <SSDS _S3Staging s3://human-pangenomics> to <SSDS _GSStaging gs://fc-4310e737-a388-4a10-8c9e-babe06aaf0cf>
INFO:ssds:already-synced submissions/5c68b972-8534-402f-9861-11c93558765f--UW_HPRC_HiFi_Y3/HG02735/r54329U_20211109_001132_A01.reads_bam from <SSDS _S3Staging s3://human-pangenomics> to <SSDS _GSStaging gs://fc-4310e737-a388-4a10-8c9e-babe06aaf0cf>
INFO:ssds:already-synced submissions/5c68b972-8534-402f-9861-11c93558765f--UW_HPRC_HiFi_Y3/HG02735/r54329U_20211203_024302_B01.reads_bam from <SSDS _S3Staging s3://human-pangenomics> to <SSDS _GSStaging gs://fc-4310e737-a388-4a10-8c9e-babe06aaf0cf>
INFO:ssds:already-synced submissions/5c68b972-8534-402f-9861-11c93558765f--UW_HPRC_HiFi_Y3/HG02735/r54329U_20211208_003612_B01.reads.bam from <SSDS _S3Staging s3://human-pangenomics> to <SSDS _GSStaging gs://fc-4310e737-a388-4a10-8c9e-babe06aaf0cf>
INFO:ssds:already-synced submissions/5c68b972-8534-402f-9861-11c93558765f--UW_HPRC_HiFi_Y3/HG02735/r64076_20211208_003525_B01.reads.bam from <SSDS _S3Staging s3://human-pangenomics> to <SSDS _GSStaging gs://fc-4310e737-a388-4a10-8c9e-babe06aaf0cf>
INFO:ssds:already-synced submissions/5c68b972-8534-402f-9861-11c93558765f--UW_HPRC_HiFi_Y3/HG02922/m54329U_220816_182601-bc2045.hifi_reads.bam from <SSDS _S3Staging s3://human-pangenomics> to <SSDS _GSStaging gs://fc-4310e737-a388-4a10-8c9e-babe06aaf0cf>
INFO:ssds:already-synced submissions/5c68b972-8534-402f-9861-11c93558765f--UW_HPRC_HiFi_Y3/HG02922/m54329U_220903_190900-bc2053.hifi_reads.bam from <SSDS _S3Staging s3://human-pangenomics> to <SSDS _GSStaging gs://fc-4310e737-a388-4a10-8c9e-babe06aaf0cf>
INFO:ssds:already-synced submissions/5c68b972-8534-402f-9861-11c93558765f--UW_HPRC_HiFi_Y3/HG02922/m54329U_220905_144015-bc2053.hifi_reads.bam from <SSDS _S3Staging s3://human-pangenomics> to <SSDS _GSStaging gs://fc-4310e737-a388-4a10-8c9e-babe06aaf0cf>
INFO:ssds:already-synced submissions/5c68b972-8534-402f-9861-11c93558765f--UW_HPRC_HiFi_Y3/HG02922/m54329U_220907_100858-bc2053.hifi_reads.bam from <SSDS _S3Staging s3://human-pangenomics> to <SSDS _GSStaging gs://fc-4310e737-a388-4a10-8c9e-babe06aaf0cf>
INFO:ssds:already-synced submissions/5c68b972-8534-402f-9861-11c93558765f--UW_HPRC_HiFi_Y3/HG02922/m64457e_220902_165459-bc2053.hifi_reads.bam from <SSDS _S3Staging s3://human-pangenomics> to <SSDS _GSStaging gs://fc-4310e737-a388-4a10-8c9e-babe06aaf0cf>
INFO:ssds:already-synced submissions/5c68b972-8534-402f-9861-11c93558765f--UW_HPRC_HiFi_Y3/HG02922/m64457e_220904_135104-bc2053.hifi_reads.bam from <SSDS _S3Staging s3://human-pangenomics> to <SSDS _GSStaging gs://fc-4310e737-a388-4a10-8c9e-babe06aaf0cf>
INFO:ssds:already-synced submissions/5c68b972-8534-402f-9861-11c93558765f--UW_HPRC_HiFi_Y3/HG02922/m64457e_220906_104717-bc2053.hifi_reads.bam from <SSDS _S3Staging s3://human-pangenomics> to <SSDS _GSStaging gs://fc-4310e737-a388-4a10-8c9e-babe06aaf0cf>
INFO:ssds:already-synced submissions/5c68b972-8534-402f-9861-11c93558765f--UW_HPRC_HiFi_Y3/HG02922/r54329U_20220816_181501_A01.reads.bam from <SSDS _S3Staging s3://human-pangenomics> to <SSDS _GSStaging gs://fc-4310e737-a388-4a10-8c9e-babe06aaf0cf>
INFO:ssds:already-synced submissions/5c68b972-8534-402f-9861-11c93558765f--UW_HPRC_HiFi_Y3/HG02922/r54329U_20220901_220229_B01.reads.bam from <SSDS _S3Staging s3://human-pangenomics> to <SSDS _GSStaging gs://fc-4310e737-a388-4a10-8c9e-babe06aaf0cf>
INFO:ssds:already-synced submissions/5c68b972-8534-402f-9861-11c93558765f--UW_HPRC_HiFi_Y3/HG02922/r54329U_20220901_220229_C01.reads.bam from <SSDS _S3Staging s3://human-pangenomics> to <SSDS _GSStaging gs://fc-4310e737-a388-4a10-8c9e-babe06aaf0cf>
INFO:ssds:already-synced submissions/5c68b972-8534-402f-9861-11c93558765f--UW_HPRC_HiFi_Y3/HG02922/r54329U_20220901_220229_D01.reads.bam from <SSDS _S3Staging s3://human-pangenomics> to <SSDS _GSStaging gs://fc-4310e737-a388-4a10-8c9e-babe06aaf0cf>
INFO:ssds:already-synced submissions/5c68b972-8534-402f-9861-11c93558765f--UW_HPRC_HiFi_Y3/HG02922/r64457e_20220831_194757_B01.reads.bam from <SSDS _S3Staging s3://human-pangenomics> to <SSDS _GSStaging gs://fc-4310e737-a388-4a10-8c9e-babe06aaf0cf>
INFO:ssds:already-synced submissions/5c68b972-8534-402f-9861-11c93558765f--UW_HPRC_HiFi_Y3/HG02922/r64457e_20220831_194757_C01.reads.bam from <SSDS _S3Staging s3://human-pangenomics> to <SSDS _GSStaging gs://fc-4310e737-a388-4a10-8c9e-babe06aaf0cf>
INFO:ssds:already-synced submissions/5c68b972-8534-402f-9861-11c93558765f--UW_HPRC_HiFi_Y3/HG02922/r64457e_20220831_194757_D01.reads.bam from <SSDS _S3Staging s3://human-pangenomics> to <SSDS _GSStaging gs://fc-4310e737-a388-4a10-8c9e-babe06aaf0cf>
INFO:ssds:already-synced submissions/5c68b972-8534-402f-9861-11c93558765f--UW_HPRC_HiFi_Y3/HG03017/m54329U_211225_070909-bc1012.hifi_reads.bam from <SSDS _S3Staging s3://human-pangenomics> to <SSDS _GSStaging gs://fc-4310e737-a388-4a10-8c9e-babe06aaf0cf>
INFO:ssds:already-synced submissions/5c68b972-8534-402f-9861-11c93558765f--UW_HPRC_HiFi_Y3/HG03017/m54329U_220109_103416-bc1012.hifi_reads.bam from <SSDS _S3Staging s3://human-pangenomics> to <SSDS _GSStaging gs://fc-4310e737-a388-4a10-8c9e-babe06aaf0cf>
INFO:ssds:already-synced submissions/5c68b972-8534-402f-9861-11c93558765f--UW_HPRC_HiFi_Y3/HG03017/m54329U_220117_123334-bc1012.hifi_reads.bam from <SSDS _S3Staging s3://human-pangenomics> to <SSDS _GSStaging gs://fc-4310e737-a388-4a10-8c9e-babe06aaf0cf>
INFO:ssds:already-synced submissions/5c68b972-8534-402f-9861-11c93558765f--UW_HPRC_HiFi_Y3/HG03017/m64076_220216_013707-bc1012.hifi_reads.bam from <SSDS _S3Staging s3://human-pangenomics> to <SSDS _GSStaging gs://fc-4310e737-a388-4a10-8c9e-babe06aaf0cf>
INFO:ssds:already-synced submissions/5c68b972-8534-402f-9861-11c93558765f--UW_HPRC_HiFi_Y3/HG03017/r54329U_20211221_012530_D01.reads.bam from <SSDS _S3Staging s3://human-pangenomics> to <SSDS _GSStaging gs://fc-4310e737-a388-4a10-8c9e-babe06aaf0cf>
INFO:ssds:already-synced submissions/5c68b972-8534-402f-9861-11c93558765f--UW_HPRC_HiFi_Y3/HG03017/r54329U_20220107_232725_B01.reads.bam from <SSDS _S3Staging s3://human-pangenomics> to <SSDS _GSStaging gs://fc-4310e737-a388-4a10-8c9e-babe06aaf0cf>
INFO:ssds:already-synced submissions/5c68b972-8534-402f-9861-11c93558765f--UW_HPRC_HiFi_Y3/HG03017/r54329U_20220113_032931_D01.reads.bam from <SSDS _S3Staging s3://human-pangenomics> to <SSDS _GSStaging gs://fc-4310e737-a388-4a10-8c9e-babe06aaf0cf>
INFO:ssds:already-synced submissions/5c68b972-8534-402f-9861-11c93558765f--UW_HPRC_HiFi_Y3/HG03017/r64076_20220216_012335_A01.reads.bam from <SSDS _S3Staging s3://human-pangenomics> to <SSDS _GSStaging gs://fc-4310e737-a388-4a10-8c9e-babe06aaf0cf>
INFO:ssds:already-synced submissions/5c68b972-8534-402f-9861-11c93558765f--UW_HPRC_HiFi_Y3/HG03041/m54329U_211214_012740-bc1009.hifi_reads.bam from <SSDS _S3Staging s3://human-pangenomics> to <SSDS _GSStaging gs://fc-4310e737-a388-4a10-8c9e-babe06aaf0cf>
INFO:ssds:already-synced submissions/5c68b972-8534-402f-9861-11c93558765f--UW_HPRC_HiFi_Y3/HG03041/m54329U_211215_225017-bc1009.hifi_reads.bam from <SSDS _S3Staging s3://human-pangenomics> to <SSDS _GSStaging gs://fc-4310e737-a388-4a10-8c9e-babe06aaf0cf>
INFO:ssds:already-synced submissions/5c68b972-8534-402f-9861-11c93558765f--UW_HPRC_HiFi_Y3/HG03041/m54329U_211217_080751-bc1009.hifi_reads.bam from <SSDS _S3Staging s3://human-pangenomics> to <SSDS _GSStaging gs://fc-4310e737-a388-4a10-8c9e-babe06aaf0cf>
INFO:ssds:already-synced submissions/5c68b972-8534-402f-9861-11c93558765f--UW_HPRC_HiFi_Y3/HG03041/r54329U_20211214_010728_A01.reads.bam from <SSDS _S3Staging s3://human-pangenomics> to <SSDS _GSStaging gs://fc-4310e737-a388-4a10-8c9e-babe06aaf0cf>
INFO:ssds:already-synced submissions/5c68b972-8534-402f-9861-11c93558765f--UW_HPRC_HiFi_Y3/HG03041/r54329U_20211215_223817_A01.reads.bam from <SSDS _S3Staging s3://human-pangenomics> to <SSDS _GSStaging gs://fc-4310e737-a388-4a10-8c9e-babe06aaf0cf>
INFO:ssds:already-synced submissions/5c68b972-8534-402f-9861-11c93558765f--UW_HPRC_HiFi_Y3/HG03041/r54329U_20211215_223817_B01.reads.bam from <SSDS _S3Staging s3://human-pangenomics> to <SSDS _GSStaging gs://fc-4310e737-a388-4a10-8c9e-babe06aaf0cf>
INFO:ssds:syncing submissions/5c68b972-8534-402f-9861-11c93558765f--UW_HPRC_HiFi_Y3/HG03130/m64076_220513_215716-bc2018.hifi_reads.bam from <SSDS _S3Staging s3://human-pangenomics> to <SSDS _GSStaging gs://fc-4310e737-a388-4a10-8c9e-babe06aaf0cf>
INFO:ssds.storage:Copied s3://human-pangenomics/submissions/5c68b972-8534-402f-9861-11c93558765f--UW_HPRC_HiFi_Y3/HG03130/m64076_220513_215716-bc2018.hifi_reads.bam to gs://fc-4310e737-a388-4a10-8c9e-babe06aaf0cf/submissions/5c68b972-8534-402f-9861-11c93558765f--UW_HPRC_HiFi_Y3/HG03130/m64076_220513_215716-bc2018.hifi_reads.bam
INFO:ssds:syncing submissions/5c68b972-8534-402f-9861-11c93558765f--UW_HPRC_HiFi_Y3/HG03130/m64076_220516_221911-bc2018.hifi_reads.bam from <SSDS _S3Staging s3://human-pangenomics> to <SSDS _GSStaging gs://fc-4310e737-a388-4a10-8c9e-babe06aaf0cf>
INFO:ssds.storage:Copied s3://human-pangenomics/submissions/5c68b972-8534-402f-9861-11c93558765f--UW_HPRC_HiFi_Y3/HG03130/m64076_220516_221911-bc2018.hifi_reads.bam to gs://fc-4310e737-a388-4a10-8c9e-babe06aaf0cf/submissions/5c68b972-8534-402f-9861-11c93558765f--UW_HPRC_HiFi_Y3/HG03130/m64076_220516_221911-bc2018.hifi_reads.bam
INFO:ssds:syncing submissions/5c68b972-8534-402f-9861-11c93558765f--UW_HPRC_HiFi_Y3/HG03130/m64076_220518_191414-bc2018.hifi_reads.bam from <SSDS _S3Staging s3://human-pangenomics> to <SSDS _GSStaging gs://fc-4310e737-a388-4a10-8c9e-babe06aaf0cf>
INFO:ssds.storage:Copied s3://human-pangenomics/submissions/5c68b972-8534-402f-9861-11c93558765f--UW_HPRC_HiFi_Y3/HG03130/m64076_220518_191414-bc2018.hifi_reads.bam to gs://fc-4310e737-a388-4a10-8c9e-babe06aaf0cf/submissions/5c68b972-8534-402f-9861-11c93558765f--UW_HPRC_HiFi_Y3/HG03130/m64076_220518_191414-bc2018.hifi_reads.bam
INFO:ssds:syncing submissions/5c68b972-8534-402f-9861-11c93558765f--UW_HPRC_HiFi_Y3/HG03130/r64076_20220513_212145_A01.reads.bam from <SSDS _S3Staging s3://human-pangenomics> to <SSDS _GSStaging gs://fc-4310e737-a388-4a10-8c9e-babe06aaf0cf>
INFO:ssds.storage:Copied s3://human-pangenomics/submissions/5c68b972-8534-402f-9861-11c93558765f--UW_HPRC_HiFi_Y3/HG03130/r64076_20220513_212145_A01.reads.bam to gs://fc-4310e737-a388-4a10-8c9e-babe06aaf0cf/submissions/5c68b972-8534-402f-9861-11c93558765f--UW_HPRC_HiFi_Y3/HG03130/r64076_20220513_212145_A01.reads.bam
INFO:ssds:syncing submissions/5c68b972-8534-402f-9861-11c93558765f--UW_HPRC_HiFi_Y3/HG03130/r64076_20220516_220716_A01.reads.bam from <SSDS _S3Staging s3://human-pangenomics> to <SSDS _GSStaging gs://fc-4310e737-a388-4a10-8c9e-babe06aaf0cf>
INFO:ssds.storage:Copied s3://human-pangenomics/submissions/5c68b972-8534-402f-9861-11c93558765f--UW_HPRC_HiFi_Y3/HG03130/r64076_20220516_220716_A01.reads.bam to gs://fc-4310e737-a388-4a10-8c9e-babe06aaf0cf/submissions/5c68b972-8534-402f-9861-11c93558765f--UW_HPRC_HiFi_Y3/HG03130/r64076_20220516_220716_A01.reads.bam
INFO:ssds:syncing submissions/5c68b972-8534-402f-9861-11c93558765f--UW_HPRC_HiFi_Y3/HG03130/r64076_20220516_220716_B01.reads.bam from <SSDS _S3Staging s3://human-pangenomics> to <SSDS _GSStaging gs://fc-4310e737-a388-4a10-8c9e-babe06aaf0cf>
INFO:ssds.storage:Copied s3://human-pangenomics/submissions/5c68b972-8534-402f-9861-11c93558765f--UW_HPRC_HiFi_Y3/HG03130/r64076_20220516_220716_B01.reads.bam to gs://fc-4310e737-a388-4a10-8c9e-babe06aaf0cf/submissions/5c68b972-8534-402f-9861-11c93558765f--UW_HPRC_HiFi_Y3/HG03130/r64076_20220516_220716_B01.reads.bam
INFO:ssds:syncing submissions/5c68b972-8534-402f-9861-11c93558765f--UW_HPRC_HiFi_Y3/HG03139/m54329U_220519_225150-bc2019.hifi_reads.bam from <SSDS _S3Staging s3://human-pangenomics> to <SSDS _GSStaging gs://fc-4310e737-a388-4a10-8c9e-babe06aaf0cf>
INFO:ssds.storage:Copied s3://human-pangenomics/submissions/5c68b972-8534-402f-9861-11c93558765f--UW_HPRC_HiFi_Y3/HG03139/m54329U_220519_225150-bc2019.hifi_reads.bam to gs://fc-4310e737-a388-4a10-8c9e-babe06aaf0cf/submissions/5c68b972-8534-402f-9861-11c93558765f--UW_HPRC_HiFi_Y3/HG03139/m54329U_220519_225150-bc2019.hifi_reads.bam
INFO:ssds:syncing submissions/5c68b972-8534-402f-9861-11c93558765f--UW_HPRC_HiFi_Y3/HG03139/m54329U_220523_155616-bc2019.hifi_reads.bam from <SSDS _S3Staging s3://human-pangenomics> to <SSDS _GSStaging gs://fc-4310e737-a388-4a10-8c9e-babe06aaf0cf>
INFO:ssds.storage:Copied s3://human-pangenomics/submissions/5c68b972-8534-402f-9861-11c93558765f--UW_HPRC_HiFi_Y3/HG03139/m54329U_220523_155616-bc2019.hifi_reads.bam to gs://fc-4310e737-a388-4a10-8c9e-babe06aaf0cf/submissions/5c68b972-8534-402f-9861-11c93558765f--UW_HPRC_HiFi_Y3/HG03139/m54329U_220523_155616-bc2019.hifi_reads.bam
INFO:ssds:syncing submissions/5c68b972-8534-402f-9861-11c93558765f--UW_HPRC_HiFi_Y3/HG03139/m54329U_220525_111437-bc2019.hifi_reads.bam from <SSDS _S3Staging s3://human-pangenomics> to <SSDS _GSStaging gs://fc-4310e737-a388-4a10-8c9e-babe06aaf0cf>
INFO:ssds.storage:Copied s3://human-pangenomics/submissions/5c68b972-8534-402f-9861-11c93558765f--UW_HPRC_HiFi_Y3/HG03139/m54329U_220525_111437-bc2019.hifi_reads.bam to gs://fc-4310e737-a388-4a10-8c9e-babe06aaf0cf/submissions/5c68b972-8534-402f-9861-11c93558765f--UW_HPRC_HiFi_Y3/HG03139/m54329U_220525_111437-bc2019.hifi_reads.bam
INFO:ssds:syncing submissions/5c68b972-8534-402f-9861-11c93558765f--UW_HPRC_HiFi_Y3/HG03139/r54329U_20220519_223807_A01.reads.bam from <SSDS _S3Staging s3://human-pangenomics> to <SSDS _GSStaging gs://fc-4310e737-a388-4a10-8c9e-babe06aaf0cf>
INFO:ssds.storage:Copied s3://human-pangenomics/submissions/5c68b972-8534-402f-9861-11c93558765f--UW_HPRC_HiFi_Y3/HG03139/r54329U_20220519_223807_A01.reads.bam to gs://fc-4310e737-a388-4a10-8c9e-babe06aaf0cf/submissions/5c68b972-8534-402f-9861-11c93558765f--UW_HPRC_HiFi_Y3/HG03139/r54329U_20220519_223807_A01.reads.bam
INFO:ssds:syncing submissions/5c68b972-8534-402f-9861-11c93558765f--UW_HPRC_HiFi_Y3/HG03139/r54329U_20220523_154519_A01.reads.bam from <SSDS _S3Staging s3://human-pangenomics> to <SSDS _GSStaging gs://fc-4310e737-a388-4a10-8c9e-babe06aaf0cf>
INFO:ssds.storage:Copied s3://human-pangenomics/submissions/5c68b972-8534-402f-9861-11c93558765f--UW_HPRC_HiFi_Y3/HG03139/r54329U_20220523_154519_A01.reads.bam to gs://fc-4310e737-a388-4a10-8c9e-babe06aaf0cf/submissions/5c68b972-8534-402f-9861-11c93558765f--UW_HPRC_HiFi_Y3/HG03139/r54329U_20220523_154519_A01.reads.bam
INFO:ssds:syncing submissions/5c68b972-8534-402f-9861-11c93558765f--UW_HPRC_HiFi_Y3/HG03139/r54329U_20220523_154519_B01.reads.bam from <SSDS _S3Staging s3://human-pangenomics> to <SSDS _GSStaging gs://fc-4310e737-a388-4a10-8c9e-babe06aaf0cf>
INFO:ssds.storage:Copied s3://human-pangenomics/submissions/5c68b972-8534-402f-9861-11c93558765f--UW_HPRC_HiFi_Y3/HG03139/r54329U_20220523_154519_B01.reads.bam to gs://fc-4310e737-a388-4a10-8c9e-babe06aaf0cf/submissions/5c68b972-8534-402f-9861-11c93558765f--UW_HPRC_HiFi_Y3/HG03139/r54329U_20220523_154519_B01.reads.bam
INFO:ssds:already-synced submissions/5c68b972-8534-402f-9861-11c93558765f--UW_HPRC_HiFi_Y3/HG03209/m64076_220520_234906-bc2020.hifi_reads.bam from <SSDS _S3Staging s3://human-pangenomics> to <SSDS _GSStaging gs://fc-4310e737-a388-4a10-8c9e-babe06aaf0cf>
INFO:ssds:already-synced submissions/5c68b972-8534-402f-9861-11c93558765f--UW_HPRC_HiFi_Y3/HG03209/m64076_220524_161808-bc2020.hifi_reads.bam from <SSDS _S3Staging s3://human-pangenomics> to <SSDS _GSStaging gs://fc-4310e737-a388-4a10-8c9e-babe06aaf0cf>
INFO:ssds:already-synced submissions/5c68b972-8534-402f-9861-11c93558765f--UW_HPRC_HiFi_Y3/HG03209/m64076_220526_115049-bc2020.hifi_reads.bam from <SSDS _S3Staging s3://human-pangenomics> to <SSDS _GSStaging gs://fc-4310e737-a388-4a10-8c9e-babe06aaf0cf>
INFO:ssds:already-synced submissions/5c68b972-8534-402f-9861-11c93558765f--UW_HPRC_HiFi_Y3/HG03209/m64076_221001_041132-bc2020.hifi_reads.bam from <SSDS _S3Staging s3://human-pangenomics> to <SSDS _GSStaging gs://fc-4310e737-a388-4a10-8c9e-babe06aaf0cf>
INFO:ssds:already-synced submissions/5c68b972-8534-402f-9861-11c93558765f--UW_HPRC_HiFi_Y3/HG03209/r64076_20220520_233747_A01.reads.bam from <SSDS _S3Staging s3://human-pangenomics> to <SSDS _GSStaging gs://fc-4310e737-a388-4a10-8c9e-babe06aaf0cf>
INFO:ssds:already-synced submissions/5c68b972-8534-402f-9861-11c93558765f--UW_HPRC_HiFi_Y3/HG03209/r64076_20220524_160655_A01.reads.bam from <SSDS _S3Staging s3://human-pangenomics> to <SSDS _GSStaging gs://fc-4310e737-a388-4a10-8c9e-babe06aaf0cf>
INFO:ssds:already-synced submissions/5c68b972-8534-402f-9861-11c93558765f--UW_HPRC_HiFi_Y3/HG03209/r64076_20220524_160655_B01.reads.bam from <SSDS _S3Staging s3://human-pangenomics> to <SSDS _GSStaging gs://fc-4310e737-a388-4a10-8c9e-babe06aaf0cf>
INFO:ssds:already-synced submissions/5c68b972-8534-402f-9861-11c93558765f--UW_HPRC_HiFi_Y3/HG03209/r64076_20220927_212043_C01.reads.bam from <SSDS _S3Staging s3://human-pangenomics> to <SSDS _GSStaging gs://fc-4310e737-a388-4a10-8c9e-babe06aaf0cf>
INFO:ssds:already-synced submissions/5c68b972-8534-402f-9861-11c93558765f--UW_HPRC_HiFi_Y3/HG03239/m54329U_220105_011819-bc1015.hifi_reads.bam from <SSDS _S3Staging s3://human-pangenomics> to <SSDS _GSStaging gs://fc-4310e737-a388-4a10-8c9e-babe06aaf0cf>
INFO:ssds:already-synced submissions/5c68b972-8534-402f-9861-11c93558765f--UW_HPRC_HiFi_Y3/HG03239/m64076_220106_231243-bc1015.hifi_reads.bam from <SSDS _S3Staging s3://human-pangenomics> to <SSDS _GSStaging gs://fc-4310e737-a388-4a10-8c9e-babe06aaf0cf>
INFO:ssds:already-synced submissions/5c68b972-8534-402f-9861-11c93558765f--UW_HPRC_HiFi_Y3/HG03239/m64076_220108_100904-bc1015.hifi_reads.bam from <SSDS _S3Staging s3://human-pangenomics> to <SSDS _GSStaging gs://fc-4310e737-a388-4a10-8c9e-babe06aaf0cf>
INFO:ssds:already-synced submissions/5c68b972-8534-402f-9861-11c93558765f--UW_HPRC_HiFi_Y3/HG03239/r54329U_20220105_005911_A01.reads.bam from <SSDS _S3Staging s3://human-pangenomics> to <SSDS _GSStaging gs://fc-4310e737-a388-4a10-8c9e-babe06aaf0cf>
INFO:ssds:already-synced submissions/5c68b972-8534-402f-9861-11c93558765f--UW_HPRC_HiFi_Y3/HG03239/r64076_20220106_230224_A01.reads.bam from <SSDS _S3Staging s3://human-pangenomics> to <SSDS _GSStaging gs://fc-4310e737-a388-4a10-8c9e-babe06aaf0cf>
INFO:ssds:already-synced submissions/5c68b972-8534-402f-9861-11c93558765f--UW_HPRC_HiFi_Y3/HG03239/r64076_20220106_230224_B01.reads.bam from <SSDS _S3Staging s3://human-pangenomics> to <SSDS _GSStaging gs://fc-4310e737-a388-4a10-8c9e-babe06aaf0cf>
INFO:ssds:already-synced submissions/5c68b972-8534-402f-9861-11c93558765f--UW_HPRC_HiFi_Y3/HG03704/m54329U_211105_213234-bc1001.hifi_reads.bam from <SSDS _S3Staging s3://human-pangenomics> to <SSDS _GSStaging gs://fc-4310e737-a388-4a10-8c9e-babe06aaf0cf>
INFO:ssds:already-synced submissions/5c68b972-8534-402f-9861-11c93558765f--UW_HPRC_HiFi_Y3/HG03704/m54329U_211111_222027-bc1001.hifi_reads.bam from <SSDS _S3Staging s3://human-pangenomics> to <SSDS _GSStaging gs://fc-4310e737-a388-4a10-8c9e-babe06aaf0cf>
INFO:ssds:already-synced submissions/5c68b972-8534-402f-9861-11c93558765f--UW_HPRC_HiFi_Y3/HG03704/m54329U_220203_054640-bc1001.hifi_reads.bam from <SSDS _S3Staging s3://human-pangenomics> to <SSDS _GSStaging gs://fc-4310e737-a388-4a10-8c9e-babe06aaf0cf>
INFO:ssds:already-synced submissions/5c68b972-8534-402f-9861-11c93558765f--UW_HPRC_HiFi_Y3/HG03704/m54329U_220203_054640-bc1018.hifi_reads.bam from <SSDS _S3Staging s3://human-pangenomics> to <SSDS _GSStaging gs://fc-4310e737-a388-4a10-8c9e-babe06aaf0cf>
INFO:ssds:already-synced submissions/5c68b972-8534-402f-9861-11c93558765f--UW_HPRC_HiFi_Y3/HG03704/m54329U_220207_224702-bc1001.hifi_reads.bam from <SSDS _S3Staging s3://human-pangenomics> to <SSDS _GSStaging gs://fc-4310e737-a388-4a10-8c9e-babe06aaf0cf>
INFO:ssds:already-synced submissions/5c68b972-8534-402f-9861-11c93558765f--UW_HPRC_HiFi_Y3/HG03704/m64076_220216_013707-bc1001.hifi_reads.bam from <SSDS _S3Staging s3://human-pangenomics> to <SSDS _GSStaging gs://fc-4310e737-a388-4a10-8c9e-babe06aaf0cf>
INFO:ssds:already-synced submissions/5c68b972-8534-402f-9861-11c93558765f--UW_HPRC_HiFi_Y3/HG03704/r54329U_20211105_212124_A01.reads.bam from <SSDS _S3Staging s3://human-pangenomics> to <SSDS _GSStaging gs://fc-4310e737-a388-4a10-8c9e-babe06aaf0cf>
INFO:ssds:syncing submissions/5c68b972-8534-402f-9861-11c93558765f--UW_HPRC_HiFi_Y3/HG03704/r54329U_20211109_001132_C01.reads.bam from <SSDS _S3Staging s3://human-pangenomics> to <SSDS _GSStaging gs://fc-4310e737-a388-4a10-8c9e-babe06aaf0cf>
INFO:ssds.storage:Copied s3://human-pangenomics/submissions/5c68b972-8534-402f-9861-11c93558765f--UW_HPRC_HiFi_Y3/HG03704/r54329U_20211109_001132_C01.reads.bam to gs://fc-4310e737-a388-4a10-8c9e-babe06aaf0cf/submissions/5c68b972-8534-402f-9861-11c93558765f--UW_HPRC_HiFi_Y3/HG03704/r54329U_20211109_001132_C01.reads.bam
INFO:ssds:already-synced submissions/5c68b972-8534-402f-9861-11c93558765f--UW_HPRC_HiFi_Y3/HG03704/r54329U_20220203_053509_A01.reads.bam from <SSDS _S3Staging s3://human-pangenomics> to <SSDS _GSStaging gs://fc-4310e737-a388-4a10-8c9e-babe06aaf0cf>
INFO:ssds:already-synced submissions/5c68b972-8534-402f-9861-11c93558765f--UW_HPRC_HiFi_Y3/HG03704/r54329U_20220207_223353_A01.reads.bam from <SSDS _S3Staging s3://human-pangenomics> to <SSDS _GSStaging gs://fc-4310e737-a388-4a10-8c9e-babe06aaf0cf>
INFO:ssds:already-synced submissions/5c68b972-8534-402f-9861-11c93558765f--UW_HPRC_HiFi_Y3/HG03704/r64076_20220216_012335_A01.reads.bam from <SSDS _S3Staging s3://human-pangenomics> to <SSDS _GSStaging gs://fc-4310e737-a388-4a10-8c9e-babe06aaf0cf>
INFO:ssds:already-synced submissions/5c68b972-8534-402f-9861-11c93558765f--UW_HPRC_HiFi_Y3/HG03704/subread/m64076_220216_013707.subreads.bam from <SSDS _S3Staging s3://human-pangenomics> to <SSDS _GSStaging gs://fc-4310e737-a388-4a10-8c9e-babe06aaf0cf>
INFO:ssds:syncing submissions/5c68b972-8534-402f-9861-11c93558765f--UW_HPRC_HiFi_Y3/NA18522/m54329U_220604_002013-bc2021.hifi_reads.bam from <SSDS _S3Staging s3://human-pangenomics> to <SSDS _GSStaging gs://fc-4310e737-a388-4a10-8c9e-babe06aaf0cf>
INFO:ssds.storage:Copied s3://human-pangenomics/submissions/5c68b972-8534-402f-9861-11c93558765f--UW_HPRC_HiFi_Y3/NA18522/m54329U_220604_002013-bc2021.hifi_reads.bam to gs://fc-4310e737-a388-4a10-8c9e-babe06aaf0cf/submissions/5c68b972-8534-402f-9861-11c93558765f--UW_HPRC_HiFi_Y3/NA18522/m54329U_220604_002013-bc2021.hifi_reads.bam
INFO:ssds:syncing submissions/5c68b972-8534-402f-9861-11c93558765f--UW_HPRC_HiFi_Y3/NA18522/m54329U_220605_194957-bc2021.hifi_reads.bam from <SSDS _S3Staging s3://human-pangenomics> to <SSDS _GSStaging gs://fc-4310e737-a388-4a10-8c9e-babe06aaf0cf>
INFO:ssds.storage:Copied s3://human-pangenomics/submissions/5c68b972-8534-402f-9861-11c93558765f--UW_HPRC_HiFi_Y3/NA18522/m54329U_220605_194957-bc2021.hifi_reads.bam to gs://fc-4310e737-a388-4a10-8c9e-babe06aaf0cf/submissions/5c68b972-8534-402f-9861-11c93558765f--UW_HPRC_HiFi_Y3/NA18522/m54329U_220605_194957-bc2021.hifi_reads.bam
INFO:ssds:syncing submissions/5c68b972-8534-402f-9861-11c93558765f--UW_HPRC_HiFi_Y3/NA18522/m54329U_220607_194753-bc2021.hifi_reads.bam from <SSDS _S3Staging s3://human-pangenomics> to <SSDS _GSStaging gs://fc-4310e737-a388-4a10-8c9e-babe06aaf0cf>
INFO:ssds.storage:Copied s3://human-pangenomics/submissions/5c68b972-8534-402f-9861-11c93558765f--UW_HPRC_HiFi_Y3/NA18522/m54329U_220607_194753-bc2021.hifi_reads.bam to gs://fc-4310e737-a388-4a10-8c9e-babe06aaf0cf/submissions/5c68b972-8534-402f-9861-11c93558765f--UW_HPRC_HiFi_Y3/NA18522/m54329U_220607_194753-bc2021.hifi_reads.bam
INFO:ssds:syncing submissions/5c68b972-8534-402f-9861-11c93558765f--UW_HPRC_HiFi_Y3/NA18522/r54329U_20220601_194755_C01.reads.bam from <SSDS _S3Staging s3://human-pangenomics> to <SSDS _GSStaging gs://fc-4310e737-a388-4a10-8c9e-babe06aaf0cf>
INFO:ssds.storage:Copied s3://human-pangenomics/submissions/5c68b972-8534-402f-9861-11c93558765f--UW_HPRC_HiFi_Y3/NA18522/r54329U_20220601_194755_C01.reads.bam to gs://fc-4310e737-a388-4a10-8c9e-babe06aaf0cf/submissions/5c68b972-8534-402f-9861-11c93558765f--UW_HPRC_HiFi_Y3/NA18522/r54329U_20220601_194755_C01.reads.bam
INFO:ssds:syncing submissions/5c68b972-8534-402f-9861-11c93558765f--UW_HPRC_HiFi_Y3/NA18522/r54329U_20220601_194755_D01.reads.bam from <SSDS _S3Staging s3://human-pangenomics> to <SSDS _GSStaging gs://fc-4310e737-a388-4a10-8c9e-babe06aaf0cf>
INFO:ssds.storage:Copied s3://human-pangenomics/submissions/5c68b972-8534-402f-9861-11c93558765f--UW_HPRC_HiFi_Y3/NA18522/r54329U_20220601_194755_D01.reads.bam to gs://fc-4310e737-a388-4a10-8c9e-babe06aaf0cf/submissions/5c68b972-8534-402f-9861-11c93558765f--UW_HPRC_HiFi_Y3/NA18522/r54329U_20220601_194755_D01.reads.bam
INFO:ssds:syncing submissions/5c68b972-8534-402f-9861-11c93558765f--UW_HPRC_HiFi_Y3/NA18522/r54329U_20220607_193651_A01.reads.bam from <SSDS _S3Staging s3://human-pangenomics> to <SSDS _GSStaging gs://fc-4310e737-a388-4a10-8c9e-babe06aaf0cf>
INFO:ssds.storage:Copied s3://human-pangenomics/submissions/5c68b972-8534-402f-9861-11c93558765f--UW_HPRC_HiFi_Y3/NA18522/r54329U_20220607_193651_A01.reads.bam to gs://fc-4310e737-a388-4a10-8c9e-babe06aaf0cf/submissions/5c68b972-8534-402f-9861-11c93558765f--UW_HPRC_HiFi_Y3/NA18522/r54329U_20220607_193651_A01.reads.bam
INFO:ssds:already-synced submissions/5c68b972-8534-402f-9861-11c93558765f--UW_HPRC_HiFi_Y3/NA18747/m54329U_220823_191353-bc2011.hifi_reads.bam from <SSDS _S3Staging s3://human-pangenomics> to <SSDS _GSStaging gs://fc-4310e737-a388-4a10-8c9e-babe06aaf0cf>
INFO:ssds:already-synced submissions/5c68b972-8534-402f-9861-11c93558765f--UW_HPRC_HiFi_Y3/NA18747/m64076_220826_143529-bc2049.hifi_reads.bam from <SSDS _S3Staging s3://human-pangenomics> to <SSDS _GSStaging gs://fc-4310e737-a388-4a10-8c9e-babe06aaf0cf>
INFO:ssds:already-synced submissions/5c68b972-8534-402f-9861-11c93558765f--UW_HPRC_HiFi_Y3/NA18747/m64076_220828_113336-bc2049.hifi_reads.bam from <SSDS _S3Staging s3://human-pangenomics> to <SSDS _GSStaging gs://fc-4310e737-a388-4a10-8c9e-babe06aaf0cf>
INFO:ssds:already-synced submissions/5c68b972-8534-402f-9861-11c93558765f--UW_HPRC_HiFi_Y3/NA18747/m64076_221001_041132-bc2011.hifi_reads.bam from <SSDS _S3Staging s3://human-pangenomics> to <SSDS _GSStaging gs://fc-4310e737-a388-4a10-8c9e-babe06aaf0cf>
INFO:ssds:already-synced submissions/5c68b972-8534-402f-9861-11c93558765f--UW_HPRC_HiFi_Y3/NA18747/r54329U_20220823_190251_A01.reads.bam from <SSDS _S3Staging s3://human-pangenomics> to <SSDS _GSStaging gs://fc-4310e737-a388-4a10-8c9e-babe06aaf0cf>
INFO:ssds:already-synced submissions/5c68b972-8534-402f-9861-11c93558765f--UW_HPRC_HiFi_Y3/NA18747/r64076_20220825_200655_B01.reads.bam from <SSDS _S3Staging s3://human-pangenomics> to <SSDS _GSStaging gs://fc-4310e737-a388-4a10-8c9e-babe06aaf0cf>
INFO:ssds:already-synced submissions/5c68b972-8534-402f-9861-11c93558765f--UW_HPRC_HiFi_Y3/NA18747/r64076_20220825_200655_C01.reads.bam from <SSDS _S3Staging s3://human-pangenomics> to <SSDS _GSStaging gs://fc-4310e737-a388-4a10-8c9e-babe06aaf0cf>
INFO:ssds:already-synced submissions/5c68b972-8534-402f-9861-11c93558765f--UW_HPRC_HiFi_Y3/NA18747/r64076_20220927_212043_C01.reads.bam from <SSDS _S3Staging s3://human-pangenomics> to <SSDS _GSStaging gs://fc-4310e737-a388-4a10-8c9e-babe06aaf0cf>
INFO:ssds:already-synced submissions/5c68b972-8534-402f-9861-11c93558765f--UW_HPRC_HiFi_Y3/NA18983/m54329U_220903_190900-bc2055.hifi_reads.bam from <SSDS _S3Staging s3://human-pangenomics> to <SSDS _GSStaging gs://fc-4310e737-a388-4a10-8c9e-babe06aaf0cf>
INFO:ssds:already-synced submissions/5c68b972-8534-402f-9861-11c93558765f--UW_HPRC_HiFi_Y3/NA18983/m54329U_220905_144015-bc2055.hifi_reads.bam from <SSDS _S3Staging s3://human-pangenomics> to <SSDS _GSStaging gs://fc-4310e737-a388-4a10-8c9e-babe06aaf0cf>
INFO:ssds:already-synced submissions/5c68b972-8534-402f-9861-11c93558765f--UW_HPRC_HiFi_Y3/NA18983/m54329U_220907_100858-bc2055.hifi_reads.bam from <SSDS _S3Staging s3://human-pangenomics> to <SSDS _GSStaging gs://fc-4310e737-a388-4a10-8c9e-babe06aaf0cf>
INFO:ssds:already-synced submissions/5c68b972-8534-402f-9861-11c93558765f--UW_HPRC_HiFi_Y3/NA18983/m64457e_220902_165459-bc2055.hifi_reads.bam from <SSDS _S3Staging s3://human-pangenomics> to <SSDS _GSStaging gs://fc-4310e737-a388-4a10-8c9e-babe06aaf0cf>
INFO:ssds:already-synced submissions/5c68b972-8534-402f-9861-11c93558765f--UW_HPRC_HiFi_Y3/NA18983/m64457e_220904_135104-bc2055.hifi_reads.bam from <SSDS _S3Staging s3://human-pangenomics> to <SSDS _GSStaging gs://fc-4310e737-a388-4a10-8c9e-babe06aaf0cf>
INFO:ssds:already-synced submissions/5c68b972-8534-402f-9861-11c93558765f--UW_HPRC_HiFi_Y3/NA18983/m64457e_220906_104717-bc2055.hifi_reads.bam from <SSDS _S3Staging s3://human-pangenomics> to <SSDS _GSStaging gs://fc-4310e737-a388-4a10-8c9e-babe06aaf0cf>
INFO:ssds:already-synced submissions/5c68b972-8534-402f-9861-11c93558765f--UW_HPRC_HiFi_Y3/NA18983/r54329U_20220901_220229_B01.reads.bam from <SSDS _S3Staging s3://human-pangenomics> to <SSDS _GSStaging gs://fc-4310e737-a388-4a10-8c9e-babe06aaf0cf>
INFO:ssds:already-synced submissions/5c68b972-8534-402f-9861-11c93558765f--UW_HPRC_HiFi_Y3/NA18983/r54329U_20220901_220229_C01.reads.bam from <SSDS _S3Staging s3://human-pangenomics> to <SSDS _GSStaging gs://fc-4310e737-a388-4a10-8c9e-babe06aaf0cf>
INFO:ssds:already-synced submissions/5c68b972-8534-402f-9861-11c93558765f--UW_HPRC_HiFi_Y3/NA18983/r54329U_20220901_220229_D01.reads.bam from <SSDS _S3Staging s3://human-pangenomics> to <SSDS _GSStaging gs://fc-4310e737-a388-4a10-8c9e-babe06aaf0cf>
INFO:ssds:already-synced submissions/5c68b972-8534-402f-9861-11c93558765f--UW_HPRC_HiFi_Y3/NA18983/r64457e_20220831_194757_B01.reads.bam from <SSDS _S3Staging s3://human-pangenomics> to <SSDS _GSStaging gs://fc-4310e737-a388-4a10-8c9e-babe06aaf0cf>
INFO:ssds:already-synced submissions/5c68b972-8534-402f-9861-11c93558765f--UW_HPRC_HiFi_Y3/NA18983/r64457e_20220831_194757_C01.reads.bam from <SSDS _S3Staging s3://human-pangenomics> to <SSDS _GSStaging gs://fc-4310e737-a388-4a10-8c9e-babe06aaf0cf>
INFO:ssds:already-synced submissions/5c68b972-8534-402f-9861-11c93558765f--UW_HPRC_HiFi_Y3/NA18983/r64457e_20220831_194757_D01.reads.bam from <SSDS _S3Staging s3://human-pangenomics> to <SSDS _GSStaging gs://fc-4310e737-a388-4a10-8c9e-babe06aaf0cf>
INFO:ssds:already-synced submissions/5c68b972-8534-402f-9861-11c93558765f--UW_HPRC_HiFi_Y3/NA19043/m54329U_220916_162216-bc2061.hifi_reads.bam from <SSDS _S3Staging s3://human-pangenomics> to <SSDS _GSStaging gs://fc-4310e737-a388-4a10-8c9e-babe06aaf0cf>
INFO:ssds:already-synced submissions/5c68b972-8534-402f-9861-11c93558765f--UW_HPRC_HiFi_Y3/NA19043/m54329U_220918_114340-bc2061.hifi_reads.bam from <SSDS _S3Staging s3://human-pangenomics> to <SSDS _GSStaging gs://fc-4310e737-a388-4a10-8c9e-babe06aaf0cf>
INFO:ssds:already-synced submissions/5c68b972-8534-402f-9861-11c93558765f--UW_HPRC_HiFi_Y3/NA19043/m54329U_220920_065703-bc2061.hifi_reads.bam from <SSDS _S3Staging s3://human-pangenomics> to <SSDS _GSStaging gs://fc-4310e737-a388-4a10-8c9e-babe06aaf0cf>
INFO:ssds:syncing submissions/5c68b972-8534-402f-9861-11c93558765f--UW_HPRC_HiFi_Y3/NA19043/r54329U_20220916_161107_A01.reads.bam from <SSDS _S3Staging s3://human-pangenomics> to <SSDS _GSStaging gs://fc-4310e737-a388-4a10-8c9e-babe06aaf0cf>
INFO:ssds.storage:Copied s3://human-pangenomics/submissions/5c68b972-8534-402f-9861-11c93558765f--UW_HPRC_HiFi_Y3/NA19043/r54329U_20220916_161107_A01.reads.bam to gs://fc-4310e737-a388-4a10-8c9e-babe06aaf0cf/submissions/5c68b972-8534-402f-9861-11c93558765f--UW_HPRC_HiFi_Y3/NA19043/r54329U_20220916_161107_A01.reads.bam
INFO:ssds:already-synced submissions/5c68b972-8534-402f-9861-11c93558765f--UW_HPRC_HiFi_Y3/NA19043/r54329U_20220916_161107_B01.reads.bam from <SSDS _S3Staging s3://human-pangenomics> to <SSDS _GSStaging gs://fc-4310e737-a388-4a10-8c9e-babe06aaf0cf>
INFO:ssds:already-synced submissions/5c68b972-8534-402f-9861-11c93558765f--UW_HPRC_HiFi_Y3/NA19043/r54329U_20220916_161107_C01.reads.bam from <SSDS _S3Staging s3://human-pangenomics> to <SSDS _GSStaging gs://fc-4310e737-a388-4a10-8c9e-babe06aaf0cf>
INFO:ssds:already-synced submissions/5c68b972-8534-402f-9861-11c93558765f--UW_HPRC_HiFi_Y3/NA20752/m64457e_220827_152226-bc2052.hifi_reads.bam from <SSDS _S3Staging s3://human-pangenomics> to <SSDS _GSStaging gs://fc-4310e737-a388-4a10-8c9e-babe06aaf0cf>
INFO:ssds:already-synced submissions/5c68b972-8534-402f-9861-11c93558765f--UW_HPRC_HiFi_Y3/NA20752/m64457e_220829_104034-bc2052.hifi_reads.bam from <SSDS _S3Staging s3://human-pangenomics> to <SSDS _GSStaging gs://fc-4310e737-a388-4a10-8c9e-babe06aaf0cf>
INFO:ssds:already-synced submissions/5c68b972-8534-402f-9861-11c93558765f--UW_HPRC_HiFi_Y3/NA20752/m64457e_220831_195843-bc2052.hifi_reads.bam from <SSDS _S3Staging s3://human-pangenomics> to <SSDS _GSStaging gs://fc-4310e737-a388-4a10-8c9e-babe06aaf0cf>
INFO:ssds:already-synced submissions/5c68b972-8534-402f-9861-11c93558765f--UW_HPRC_HiFi_Y3/NA20752/r64457e_20220825_194243_B01.reads.bam from <SSDS _S3Staging s3://human-pangenomics> to <SSDS _GSStaging gs://fc-4310e737-a388-4a10-8c9e-babe06aaf0cf>
INFO:ssds:already-synced submissions/5c68b972-8534-402f-9861-11c93558765f--UW_HPRC_HiFi_Y3/NA20752/r64457e_20220825_194243_C01.reads.bam from <SSDS _S3Staging s3://human-pangenomics> to <SSDS _GSStaging gs://fc-4310e737-a388-4a10-8c9e-babe06aaf0cf>
INFO:ssds:already-synced submissions/5c68b972-8534-402f-9861-11c93558765f--UW_HPRC_HiFi_Y3/NA20752/r64457e_20220831_194757_A01.reads.bam from <SSDS _S3Staging s3://human-pangenomics> to <SSDS _GSStaging gs://fc-4310e737-a388-4a10-8c9e-babe06aaf0cf>
INFO:ssds:already-synced submissions/5c68b972-8534-402f-9861-11c93558765f--UW_HPRC_HiFi_Y3/NA20905/m64076_220914_214248-bc2060.hifi_reads.bam from <SSDS _S3Staging s3://human-pangenomics> to <SSDS _GSStaging gs://fc-4310e737-a388-4a10-8c9e-babe06aaf0cf>
INFO:ssds:already-synced submissions/5c68b972-8534-402f-9861-11c93558765f--UW_HPRC_HiFi_Y3/NA20905/m64076_220916_183810-bc2060.hifi_reads.bam from <SSDS _S3Staging s3://human-pangenomics> to <SSDS _GSStaging gs://fc-4310e737-a388-4a10-8c9e-babe06aaf0cf>
INFO:ssds:already-synced submissions/5c68b972-8534-402f-9861-11c93558765f--UW_HPRC_HiFi_Y3/NA20905/m64076_220918_143117-bc2060.hifi_reads.bam from <SSDS _S3Staging s3://human-pangenomics> to <SSDS _GSStaging gs://fc-4310e737-a388-4a10-8c9e-babe06aaf0cf>
INFO:ssds:already-synced submissions/5c68b972-8534-402f-9861-11c93558765f--UW_HPRC_HiFi_Y3/NA20905/r64076_20220914_213111_A01.reads.bam from <SSDS _S3Staging s3://human-pangenomics> to <SSDS _GSStaging gs://fc-4310e737-a388-4a10-8c9e-babe06aaf0cf>
INFO:ssds:already-synced submissions/5c68b972-8534-402f-9861-11c93558765f--UW_HPRC_HiFi_Y3/NA20905/r64076_20220914_213111_B01.reads.bam from <SSDS _S3Staging s3://human-pangenomics> to <SSDS _GSStaging gs://fc-4310e737-a388-4a10-8c9e-babe06aaf0cf>
INFO:ssds:already-synced submissions/5c68b972-8534-402f-9861-11c93558765f--UW_HPRC_HiFi_Y3/NA20905/r64076_20220914_213111_C01.reads.bam from <SSDS _S3Staging s3://human-pangenomics> to <SSDS _GSStaging gs://fc-4310e737-a388-4a10-8c9e-babe06aaf0cf>
INFO:ssds:already-synced submissions/5c68b972-8534-402f-9861-11c93558765f--UW_HPRC_HiFi_Y3/README.txt from <SSDS _S3Staging s3://human-pangenomics> to <SSDS _GSStaging gs://fc-4310e737-a388-4a10-8c9e-babe06aaf0cf>
INFO:ssds:Completed sync: submission_id='5c68b972-8534-402f-9861-11c93558765f' src='<SSDS _S3Staging s3://human-pangenomics>' dst='<SSDS _GSStaging gs://fc-4310e737-a388-4a10-8c9e-babe06aaf0cf>' subdir=
